TN:
SF:src/app/page.tsx
FN:1,(empty-report)
FNF:1
FNH:0
FNDA:0,(empty-report)
DA:1,0
DA:4,0
DA:5,0
DA:6,0
DA:8,0
DA:9,0
DA:10,0
DA:11,0
DA:12,0
DA:13,0
DA:14,0
DA:15,0
DA:16,0
DA:17,0
DA:18,0
DA:19,0
DA:20,0
DA:21,0
DA:22,0
DA:23,0
DA:24,0
DA:25,0
DA:26,0
DA:27,0
DA:28,0
DA:29,0
DA:30,0
DA:32,0
LF:28
LH:0
BRDA:1,0,0,0
BRF:1
BRH:0
end_of_record
TN:
SF:src/app/admin/AdminShell.tsx
FN:56,navItemsForRole
FN:61,SidebarNav
FN:102,AdminShell
FN:114,handleLogout
FN:155,onClick
FN:175,onClick
FN:182,onNavigate
FN:206,onClick
FNF:8
FNH:3
FNDA:18,navItemsForRole
FNDA:18,SidebarNav
FNDA:9,AdminShell
FNDA:0,handleLogout
FNDA:0,onClick
FNDA:0,onClick
FNDA:0,onNavigate
FNDA:0,onClick
DA:1,1
DA:31,1
DA:40,1
DA:41,1
DA:42,1
DA:43,1
DA:44,1
DA:45,1
DA:46,1
DA:47,1
DA:48,1
DA:49,1
DA:50,1
DA:51,1
DA:52,1
DA:53,1
DA:56,18
DA:57,18
DA:58,6
DA:59,6
DA:61,18
DA:62,18
DA:63,18
DA:64,18
DA:67,18
DA:68,18
DA:69,18
DA:70,18
DA:72,18
DA:73,18
DA:74,18
DA:75,18
DA:76,28
DA:77,28
DA:78,28
DA:79,28
DA:80,28
DA:81,28
DA:82,28
DA:83,28
DA:84,28
DA:85,28
DA:86,28
DA:87,4
DA:88,24
DA:89,28
DA:91,28
DA:92,28
DA:93,28
DA:94,28
DA:96,18
DA:97,18
DA:98,18
DA:100,18
DA:102,1
DA:103,9
DA:106,9
DA:107,9
DA:108,9
DA:110,9
DA:111,6
DA:112,9
DA:114,9
DA:115,0
DA:116,0
DA:117,0
DA:119,9
DA:120,9
DA:122,9
DA:123,9
DA:124,9
DA:127,9
DA:128,9
DA:129,9
DA:130,9
DA:132,9
DA:133,9
DA:136,9
DA:137,9
DA:138,9
DA:139,9
DA:140,9
DA:141,9
DA:142,9
DA:144,9
DA:145,9
DA:146,9
DA:147,9
DA:148,9
DA:149,9
DA:152,9
DA:153,0
DA:154,0
DA:155,0
DA:156,0
DA:157,0
DA:161,9
DA:162,9
DA:163,9
DA:164,9
DA:165,9
DA:166,9
DA:167,9
DA:168,9
DA:170,9
DA:171,9
DA:172,9
DA:173,9
DA:174,9
DA:175,9
DA:176,9
DA:178,9
DA:179,9
DA:180,9
DA:181,9
DA:182,9
DA:183,9
DA:184,9
DA:185,9
DA:186,9
DA:187,9
DA:188,9
DA:190,9
DA:191,9
DA:192,9
DA:193,9
DA:194,9
DA:195,9
DA:198,9
DA:200,9
DA:202,9
DA:203,9
DA:204,9
DA:205,9
DA:206,9
DA:207,9
DA:209,9
DA:210,9
DA:213,9
DA:216,9
DA:217,9
DA:218,9
DA:219,9
DA:220,9
DA:221,9
DA:222,9
DA:223,9
DA:224,9
DA:225,9
DA:228,9
DA:229,9
DA:230,9
DA:231,9
DA:232,9
DA:234,9
LF:155
LH:147
BRDA:56,0,0,18
BRDA:57,1,0,12
BRDA:57,2,0,6
BRDA:58,3,0,42
BRDA:61,4,0,18
BRDA:75,5,0,28
BRDA:82,6,0,4
BRDA:82,7,0,24
BRDA:86,8,0,4
BRDA:87,9,0,24
BRDA:102,10,0,9
BRDA:133,11,0,3
BRDA:133,12,0,6
BRDA:152,13,0,0
BRDA:165,14,0,0
BRDA:182,15,0,3
BRDA:182,16,0,6
BRDA:220,17,0,3
BRDA:220,18,0,6
BRDA:110,19,0,6
BRF:20
BRH:18
end_of_record
TN:
SF:src/app/admin/page.tsx
FN:1,(empty-report)
FNF:1
FNH:0
FNDA:0,(empty-report)
DA:1,0
DA:4,0
DA:5,0
DA:6,0
LF:4
LH:0
BRDA:1,0,0,0
BRF:1
BRH:0
end_of_record
TN:
SF:src/app/admin/audit-log/AuditLogClient.tsx
FN:17,AuditLogClient
FN:28,queryFn
FN:36,handleFilter
FN:62,onRetry
FN:83,onChange
FN:92,onChange
FN:103,onClick
FNF:7
FNH:2
FNDA:7,AuditLogClient
FNDA:4,queryFn
FNDA:0,handleFilter
FNDA:0,onRetry
FNDA:0,onChange
FNDA:0,onChange
FNDA:0,onClick
DA:1,1
DA:17,1
DA:18,7
DA:19,7
DA:20,7
DA:22,7
DA:23,7
DA:24,7
DA:26,7
DA:27,7
DA:28,7
DA:29,4
DA:30,4
DA:31,4
DA:32,4
DA:33,7
DA:34,7
DA:36,7
DA:37,0
DA:38,0
DA:39,0
DA:41,7
DA:42,4
DA:43,4
DA:44,4
DA:45,4
DA:46,4
DA:47,4
DA:48,4
DA:49,32
DA:50,4
DA:51,4
DA:52,4
DA:54,4
DA:56,7
DA:57,1
DA:58,1
DA:59,1
DA:60,1
DA:61,1
DA:62,1
DA:63,1
DA:64,1
DA:65,1
DA:67,1
DA:69,2
DA:70,2
DA:71,2
DA:74,2
DA:75,2
DA:76,2
DA:78,2
DA:79,2
DA:80,2
DA:81,2
DA:82,2
DA:83,2
DA:84,2
DA:85,2
DA:86,2
DA:87,2
DA:88,2
DA:89,2
DA:90,2
DA:91,2
DA:92,2
DA:93,2
DA:94,2
DA:95,2
DA:96,2
DA:97,2
DA:98,2
DA:99,2
DA:100,2
DA:101,2
DA:102,2
DA:103,2
DA:104,0
DA:105,0
DA:106,0
DA:107,0
DA:109,2
DA:110,2
DA:111,2
DA:114,2
DA:115,1
DA:116,1
DA:117,1
DA:118,1
DA:119,1
DA:121,1
DA:122,1
DA:123,1
DA:124,1
DA:125,1
DA:126,1
DA:127,1
DA:128,1
DA:129,1
DA:130,1
DA:131,1
DA:132,1
DA:133,1
DA:134,1
DA:135,1
DA:136,1
DA:137,1
DA:138,1
DA:139,1
DA:140,1
DA:141,1
DA:142,1
DA:143,1
DA:144,1
DA:145,1
DA:146,1
DA:147,1
DA:148,1
DA:149,1
DA:150,1
DA:151,1
DA:152,1
DA:153,1
DA:154,1
DA:155,1
DA:156,1
DA:157,1
DA:158,0
DA:159,1
DA:160,1
DA:161,1
DA:162,1
DA:163,1
DA:164,1
DA:165,1
DA:166,1
DA:167,1
DA:169,7
DA:171,7
LF:139
LH:131
BRDA:17,0,0,7
BRDA:41,1,0,4
BRDA:54,2,0,3
BRDA:56,3,0,1
BRDA:67,4,0,2
BRDA:114,5,0,1
BRDA:119,6,0,1
BRDA:28,7,0,4
BRDA:48,8,0,32
BRDA:140,9,0,1
BRDA:157,10,0,0
BRF:11
BRH:10
end_of_record
TN:
SF:src/app/admin/audit-log/page.tsx
FN:1,(empty-report)
FNF:1
FNH:0
FNDA:0,(empty-report)
DA:1,0
DA:3,0
DA:4,0
DA:5,0
LF:4
LH:0
BRDA:1,0,0,0
BRF:1
BRH:0
end_of_record
TN:
SF:src/app/admin/disclaimer/page.tsx
FN:1,(empty-report)
FNF:1
FNH:0
FNDA:0,(empty-report)
DA:1,0
DA:4,0
DA:5,0
DA:6,0
LF:4
LH:0
BRDA:1,0,0,0
BRF:1
BRH:0
end_of_record
TN:
SF:src/app/admin/exam-syllabi/SyllabiClient.tsx
FN:30,toCreatePayload
FN:38,toUpdatePayload
FN:45,SyllabiClient
FN:56,queryFn
FN:61,mutationFn
FN:63,onSuccess
FN:68,onError
FN:74,mutationFn
FN:76,onSuccess
FN:81,onError
FN:87,mutationFn
FN:88,onSuccess
FN:99,openEdit
FN:105,openCreate
FN:111,closeFormModal
FN:117,handleSubmit
FN:148,onRetry
FN:216,onClick
FN:224,onClick
FN:303,onClose
FN:315,onClick
FN:323,onClick
FNF:22
FNH:2
FNDA:0,toCreatePayload
FNDA:0,toUpdatePayload
FNDA:11,SyllabiClient
FNDA:4,queryFn
FNDA:0,mutationFn
FNDA:0,onSuccess
FNDA:0,onError
FNDA:0,mutationFn
FNDA:0,onSuccess
FNDA:0,onError
FNDA:0,mutationFn
FNDA:0,onSuccess
FNDA:0,openEdit
FNDA:0,openCreate
FNDA:0,closeFormModal
FNDA:0,handleSubmit
FNDA:0,onRetry
FNDA:0,onClick
FNDA:0,onClick
FNDA:0,onClose
FNDA:0,onClick
FNDA:0,onClick
DA:1,1
DA:23,1
DA:24,1
DA:25,1
DA:26,1
DA:30,0
DA:31,0
DA:32,0
DA:33,0
DA:34,0
DA:35,0
DA:36,0
DA:38,0
DA:39,0
DA:40,0
DA:41,0
DA:42,0
DA:43,0
DA:45,1
DA:46,11
DA:47,11
DA:48,11
DA:49,11
DA:50,11
DA:51,11
DA:52,11
DA:54,11
DA:55,11
DA:56,11
DA:57,11
DA:58,11
DA:60,11
DA:61,11
DA:62,0
DA:63,11
DA:64,0
DA:65,0
DA:66,0
DA:67,0
DA:68,11
DA:69,0
DA:70,0
DA:71,11
DA:73,11
DA:74,11
DA:75,0
DA:76,11
DA:77,0
DA:78,0
DA:79,0
DA:80,0
DA:81,11
DA:82,0
DA:83,0
DA:84,11
DA:86,11
DA:87,11
DA:88,11
DA:89,0
DA:90,0
DA:91,0
DA:92,11
DA:94,11
DA:95,11
DA:96,11
DA:97,11
DA:99,11
DA:100,0
DA:101,0
DA:102,0
DA:103,0
DA:105,11
DA:106,0
DA:107,0
DA:108,0
DA:109,0
DA:111,11
DA:112,0
DA:113,0
DA:114,0
DA:115,0
DA:117,11
DA:118,0
DA:119,0
DA:120,0
DA:121,0
DA:122,0
DA:123,0
DA:124,0
DA:126,11
DA:127,8
DA:128,8
DA:129,8
DA:130,8
DA:131,8
DA:132,8
DA:133,8
DA:134,8
DA:135,32
DA:136,8
DA:137,8
DA:138,8
DA:140,8
DA:142,11
DA:143,1
DA:144,1
DA:145,1
DA:146,1
DA:147,1
DA:148,1
DA:149,1
DA:150,1
DA:151,1
DA:153,1
DA:155,2
DA:156,2
DA:157,2
DA:158,2
DA:159,2
DA:160,2
DA:161,2
DA:162,2
DA:163,2
DA:165,2
DA:166,1
DA:167,1
DA:168,1
DA:169,1
DA:170,1
DA:171,1
DA:173,1
DA:174,1
DA:175,1
DA:176,1
DA:177,1
DA:178,1
DA:179,1
DA:180,1
DA:181,1
DA:182,1
DA:183,1
DA:184,1
DA:185,1
DA:186,1
DA:187,1
DA:188,1
DA:189,1
DA:190,1
DA:191,1
DA:192,1
DA:193,1
DA:194,1
DA:195,1
DA:196,1
DA:197,1
DA:198,1
DA:199,1
DA:200,1
DA:201,1
DA:202,1
DA:203,1
DA:204,1
DA:205,1
DA:206,1
DA:207,1
DA:208,1
DA:209,1
DA:210,1
DA:211,1
DA:212,1
DA:213,1
DA:214,1
DA:215,1
DA:216,1
DA:217,1
DA:219,1
DA:220,1
DA:221,1
DA:222,1
DA:223,1
DA:224,1
DA:225,1
DA:226,1
DA:228,1
DA:229,1
DA:230,1
DA:231,1
DA:232,1
DA:233,1
DA:234,1
DA:235,1
DA:236,1
DA:239,11
DA:240,11
DA:241,11
DA:242,11
DA:243,11
DA:244,11
DA:246,11
DA:247,11
DA:248,11
DA:249,11
DA:250,11
DA:251,11
DA:252,11
DA:253,11
DA:254,11
DA:255,11
DA:256,11
DA:257,0
DA:258,0
DA:259,0
DA:261,11
DA:263,11
DA:264,11
DA:265,11
DA:266,11
DA:267,11
DA:268,11
DA:269,11
DA:270,11
DA:271,11
DA:272,11
DA:273,0
DA:274,0
DA:275,0
DA:277,11
DA:279,11
DA:280,0
DA:281,0
DA:282,0
DA:285,11
DA:286,11
DA:287,11
DA:288,11
DA:289,11
DA:290,11
DA:291,11
DA:292,11
DA:293,11
DA:295,11
DA:296,11
DA:297,11
DA:298,11
DA:299,11
DA:301,11
DA:302,11
DA:303,11
DA:304,11
DA:305,11
DA:306,11
DA:307,11
DA:308,11
DA:309,11
DA:311,11
DA:312,11
DA:313,11
DA:314,11
DA:315,11
DA:317,11
DA:318,11
DA:319,11
DA:320,11
DA:321,11
DA:322,11
DA:323,11
DA:325,11
DA:326,11
DA:327,11
DA:328,11
DA:329,11
DA:331,11
LF:272
LH:214
BRDA:45,0,0,11
BRDA:126,1,0,8
BRDA:140,2,0,3
BRDA:142,3,0,1
BRDA:153,4,0,2
BRDA:165,5,0,1
BRDA:171,6,0,1
BRDA:240,7,0,2
BRDA:242,8,0,0
BRDA:242,9,0,2
BRDA:256,10,0,0
BRDA:272,11,0,0
BRDA:279,12,0,0
BRDA:293,13,0,2
BRDA:295,14,0,0
BRDA:295,15,0,2
BRDA:306,16,0,0
BRDA:306,17,0,2
BRDA:56,18,0,4
BRDA:134,19,0,32
BRDA:195,20,0,1
BRDA:207,21,0,0
BRDA:208,22,0,0
BRF:23
BRH:15
end_of_record
TN:
SF:src/app/admin/exam-syllabi/page.tsx
FN:1,(empty-report)
FNF:1
FNH:0
FNDA:0,(empty-report)
DA:1,0
DA:7,0
DA:8,0
DA:9,0
LF:4
LH:0
BRDA:1,0,0,0
BRF:1
BRH:0
end_of_record
TN:
SF:src/app/admin/languages/page.tsx
FN:16,LanguageCard
FN:66,LanguagesPage
FNF:2
FNH:2
FNDA:4,LanguageCard
FNDA:1,LanguagesPage
DA:1,1
DA:9,1
DA:10,1
DA:11,1
DA:12,1
DA:13,1
DA:14,1
DA:16,4
DA:17,4
DA:18,4
DA:19,4
DA:20,4
DA:21,4
DA:22,4
DA:28,4
DA:29,4
DA:30,4
DA:31,4
DA:32,4
DA:33,4
DA:34,4
DA:35,4
DA:36,4
DA:37,4
DA:38,4
DA:39,4
DA:40,4
DA:41,4
DA:42,4
DA:43,4
DA:44,4
DA:45,4
DA:46,3
DA:47,1
DA:48,4
DA:50,4
DA:51,4
DA:52,4
DA:53,4
DA:54,4
DA:55,1
DA:56,3
DA:57,4
DA:59,4
DA:60,4
DA:61,4
DA:62,4
DA:64,4
DA:66,1
DA:67,1
DA:69,1
DA:70,1
DA:71,1
DA:72,1
DA:73,1
DA:74,1
DA:77,1
DA:78,1
DA:79,1
DA:81,1
DA:82,1
DA:83,4
DA:84,4
DA:85,4
DA:86,4
DA:87,4
DA:88,4
DA:89,4
DA:90,4
DA:91,1
DA:92,1
DA:93,1
DA:95,1
LF:73
LH:73
BRDA:16,0,0,4
BRDA:45,1,0,3
BRDA:46,2,0,1
BRDA:50,3,0,3
BRDA:50,4,0,1
BRDA:54,5,0,1
BRDA:55,6,0,3
BRDA:59,7,0,1
BRDA:59,8,0,3
BRDA:66,9,0,1
BRDA:82,10,0,4
BRF:11
BRH:11
end_of_record
TN:
SF:src/app/admin/library/LibraryClient.tsx
FN:30,LibraryClient
FN:49,queryFn
FN:55,mutationFn
FN:56,onSuccess
FN:63,mutationFn
FN:97,onSuccess
FN:103,onError
FN:108,handleFileSelect
FN:145,onRetry
FN:162,onClick
FN:174,onClick
FN:234,onClick
FN:254,onClose
FN:275,onClick
FN:276,onKeyDown
FN:324,onChange
FN:335,onChange
FN:346,onChange
FN:357,onChange
FN:369,onClick
FN:382,onClick
FN:393,onClose
FN:405,onClick
FN:413,onClick
FNF:24
FNH:2
FNDA:7,LibraryClient
FNDA:4,queryFn
FNDA:0,mutationFn
FNDA:0,onSuccess
FNDA:0,mutationFn
FNDA:0,onSuccess
FNDA:0,onError
FNDA:0,handleFileSelect
FNDA:0,onRetry
FNDA:0,onClick
FNDA:0,onClick
FNDA:0,onClick
FNDA:0,onClose
FNDA:0,onClick
FNDA:0,onKeyDown
FNDA:0,onChange
FNDA:0,onChange
FNDA:0,onChange
FNDA:0,onChange
FNDA:0,onClick
FNDA:0,onClick
FNDA:0,onClose
FNDA:0,onClick
FNDA:0,onClick
DA:1,1
DA:21,1
DA:23,1
DA:24,1
DA:25,1
DA:26,1
DA:27,1
DA:28,1
DA:30,1
DA:31,7
DA:32,7
DA:33,7
DA:34,7
DA:35,7
DA:36,7
DA:37,7
DA:38,7
DA:39,7
DA:40,7
DA:41,7
DA:42,7
DA:43,7
DA:44,7
DA:45,7
DA:47,7
DA:48,7
DA:49,7
DA:50,7
DA:51,7
DA:52,7
DA:54,7
DA:55,7
DA:56,7
DA:57,0
DA:58,0
DA:59,0
DA:60,7
DA:62,7
DA:63,7
DA:64,0
DA:66,0
DA:67,0
DA:68,0
DA:69,0
DA:70,0
DA:71,0
DA:72,0
DA:73,0
DA:74,0
DA:75,0
DA:76,0
DA:77,0
DA:78,0
DA:79,0
DA:81,0
DA:82,0
DA:83,0
DA:84,0
DA:85,0
DA:86,0
DA:87,0
DA:88,0
DA:90,0
DA:91,0
DA:92,0
DA:93,0
DA:95,0
DA:96,0
DA:97,7
DA:98,0
DA:99,0
DA:100,0
DA:101,0
DA:102,0
DA:103,7
DA:104,0
DA:105,0
DA:106,7
DA:108,7
DA:109,0
DA:110,0
DA:111,0
DA:112,0
DA:113,0
DA:114,0
DA:115,0
DA:116,0
DA:117,0
DA:118,0
DA:119,0
DA:120,0
DA:121,0
DA:123,7
DA:124,4
DA:125,4
DA:126,4
DA:127,4
DA:128,4
DA:129,4
DA:130,4
DA:131,4
DA:132,16
DA:133,4
DA:134,4
DA:135,4
DA:137,4
DA:139,7
DA:140,1
DA:141,1
DA:142,1
DA:143,1
DA:144,1
DA:145,1
DA:146,1
DA:147,1
DA:148,1
DA:150,1
DA:152,7
DA:154,7
DA:155,7
DA:156,7
DA:157,7
DA:158,7
DA:159,7
DA:160,7
DA:161,7
DA:162,7
DA:164,7
DA:165,7
DA:166,7
DA:167,7
DA:169,7
DA:170,1
DA:171,1
DA:172,1
DA:173,1
DA:174,1
DA:175,1
DA:177,1
DA:178,1
DA:179,1
DA:180,1
DA:181,1
DA:182,1
DA:183,1
DA:184,1
DA:185,1
DA:186,1
DA:187,1
DA:188,1
DA:189,1
DA:190,1
DA:191,1
DA:192,1
DA:193,1
DA:194,1
DA:195,1
DA:196,1
DA:197,1
DA:198,1
DA:199,1
DA:200,1
DA:201,1
DA:202,1
DA:203,1
DA:204,1
DA:205,1
DA:206,1
DA:207,1
DA:208,1
DA:209,1
DA:210,1
DA:211,1
DA:212,1
DA:214,1
DA:215,1
DA:217,1
DA:218,1
DA:219,1
DA:220,1
DA:221,1
DA:222,1
DA:223,1
DA:224,1
DA:225,1
DA:226,1
DA:227,1
DA:228,1
DA:229,1
DA:230,1
DA:231,1
DA:232,1
DA:233,1
DA:234,1
DA:235,1
DA:236,1
DA:237,1
DA:238,1
DA:240,1
DA:241,1
DA:242,1
DA:243,1
DA:244,1
DA:245,1
DA:246,1
DA:247,1
DA:248,1
DA:252,7
DA:253,7
DA:254,7
DA:255,0
DA:256,0
DA:257,0
DA:258,0
DA:259,7
DA:260,7
DA:261,7
DA:262,7
DA:264,7
DA:266,7
DA:267,7
DA:268,7
DA:269,7
DA:270,7
DA:271,7
DA:272,0
DA:273,2
DA:274,7
DA:275,7
DA:276,7
DA:277,0
DA:278,0
DA:279,0
DA:280,7
DA:281,7
DA:282,7
DA:284,7
DA:285,7
DA:286,7
DA:287,7
DA:288,7
DA:289,7
DA:290,7
DA:291,7
DA:292,0
DA:293,0
DA:294,0
DA:296,2
DA:298,7
DA:299,7
DA:300,7
DA:301,7
DA:302,7
DA:303,7
DA:304,7
DA:305,7
DA:306,7
DA:307,7
DA:308,7
DA:309,7
DA:310,7
DA:311,0
DA:312,0
DA:313,0
DA:315,7
DA:318,7
DA:319,7
DA:320,7
DA:321,7
DA:322,7
DA:323,7
DA:324,7
DA:325,0
DA:327,7
DA:328,7
DA:329,7
DA:330,7
DA:331,7
DA:332,7
DA:333,7
DA:334,7
DA:335,7
DA:336,0
DA:338,7
DA:339,7
DA:340,7
DA:341,7
DA:342,7
DA:343,7
DA:344,7
DA:345,7
DA:346,7
DA:347,0
DA:349,7
DA:350,7
DA:351,7
DA:352,7
DA:353,7
DA:354,7
DA:355,7
DA:356,7
DA:357,7
DA:358,0
DA:360,7
DA:361,7
DA:362,7
DA:363,7
DA:365,7
DA:366,7
DA:367,7
DA:368,7
DA:369,7
DA:370,0
DA:371,0
DA:372,0
DA:373,0
DA:375,7
DA:376,7
DA:377,7
DA:378,7
DA:379,7
DA:380,7
DA:381,7
DA:382,7
DA:384,7
DA:385,7
DA:386,7
DA:387,7
DA:388,7
DA:391,7
DA:392,7
DA:393,7
DA:394,7
DA:395,7
DA:396,7
DA:397,7
DA:398,7
DA:399,7
DA:401,7
DA:402,7
DA:403,7
DA:404,7
DA:405,7
DA:407,7
DA:408,7
DA:409,7
DA:410,7
DA:411,7
DA:412,7
DA:413,7
DA:414,0
DA:417,7
DA:418,7
DA:419,7
DA:420,7
DA:421,7
DA:423,7
LF:357
LH:282
BRDA:30,0,0,7
BRDA:123,1,0,4
BRDA:137,2,0,3
BRDA:139,3,0,1
BRDA:150,4,0,2
BRDA:152,5,0,0
BRDA:169,6,0,1
BRDA:175,7,0,1
BRDA:271,8,0,0
BRDA:272,9,0,2
BRDA:287,10,0,0
BRDA:287,11,0,2
BRDA:291,12,0,0
BRDA:294,13,0,2
BRDA:310,14,0,0
BRDA:396,15,0,0
BRDA:396,16,0,2
BRDA:49,17,0,4
BRDA:131,18,0,16
BRDA:152,19,0,1
BRDA:199,20,0,1
BRF:21
BRH:15
end_of_record
TN:
SF:src/app/admin/library/page.tsx
FN:1,(empty-report)
FNF:1
FNH:0
FNDA:0,(empty-report)
DA:1,0
DA:3,0
DA:4,0
DA:5,0
LF:4
LH:0
BRDA:1,0,0,0
BRF:1
BRH:0
end_of_record
TN:
SF:src/app/admin/personas/PersonasClient.tsx
FN:29,PersonasClient
FN:37,queryFn
FN:42,mutationFn
FN:44,onSuccess
FN:55,openEdit
FN:60,handleSubmit
FN:85,onRetry
FN:150,onClick
FN:162,onClose
FN:198,onClick
FNF:10
FNH:4
FNDA:15,PersonasClient
FNDA:5,queryFn
FNDA:0,mutationFn
FNDA:0,onSuccess
FNDA:1,openEdit
FNDA:0,handleSubmit
FNDA:0,onRetry
FNDA:1,onClick
FNDA:0,onClose
FNDA:0,onClick
DA:1,1
DA:23,1
DA:24,1
DA:25,1
DA:29,1
DA:30,15
DA:31,15
DA:32,15
DA:33,15
DA:35,15
DA:36,15
DA:37,15
DA:38,15
DA:39,15
DA:41,15
DA:42,15
DA:43,0
DA:44,15
DA:45,0
DA:46,0
DA:47,0
DA:48,15
DA:50,15
DA:51,15
DA:52,15
DA:53,15
DA:55,15
DA:56,1
DA:57,1
DA:58,1
DA:60,15
DA:61,0
DA:62,0
DA:63,0
DA:65,15
DA:66,10
DA:67,10
DA:68,10
DA:69,10
DA:70,10
DA:71,10
DA:72,50
DA:73,10
DA:74,10
DA:75,10
DA:77,10
DA:79,15
DA:80,1
DA:81,1
DA:82,1
DA:83,1
DA:84,1
DA:85,1
DA:86,1
DA:87,1
DA:88,1
DA:90,1
DA:92,15
DA:93,1
DA:94,1
DA:95,1
DA:96,1
DA:97,1
DA:98,1
DA:99,1
DA:100,1
DA:101,1
DA:103,1
DA:105,3
DA:106,3
DA:107,3
DA:109,3
DA:110,3
DA:111,3
DA:112,3
DA:113,3
DA:114,3
DA:115,3
DA:116,0
DA:117,3
DA:118,3
DA:120,3
DA:121,3
DA:122,3
DA:123,3
DA:124,3
DA:125,3
DA:126,3
DA:127,3
DA:128,0
DA:130,3
DA:131,0
DA:133,3
DA:134,3
DA:136,3
DA:137,0
DA:138,0
DA:139,0
DA:141,3
DA:142,3
DA:143,3
DA:146,3
DA:147,3
DA:148,3
DA:149,3
DA:150,3
DA:152,3
DA:153,3
DA:154,3
DA:155,3
DA:156,3
DA:157,3
DA:160,3
DA:161,3
DA:162,3
DA:163,15
DA:164,15
DA:165,15
DA:166,15
DA:168,15
DA:169,15
DA:170,15
DA:171,15
DA:172,15
DA:173,15
DA:174,15
DA:175,15
DA:176,15
DA:177,15
DA:178,15
DA:179,15
DA:180,15
DA:181,15
DA:182,15
DA:183,0
DA:184,0
DA:185,0
DA:187,15
DA:188,15
DA:189,15
DA:190,15
DA:191,15
DA:193,15
DA:194,15
DA:195,15
DA:196,15
DA:197,15
DA:198,15
DA:200,15
DA:201,15
DA:202,15
DA:203,15
DA:204,15
DA:205,15
DA:206,15
DA:208,15
DA:209,15
DA:210,15
DA:211,15
DA:212,15
DA:213,15
DA:215,15
LF:162
LH:146
BRDA:29,0,0,15
BRDA:65,1,0,10
BRDA:77,2,0,5
BRDA:79,3,0,1
BRDA:90,4,0,4
BRDA:92,5,0,1
BRDA:103,6,0,3
BRDA:163,7,0,1
BRDA:163,8,0,2
BRDA:182,9,0,0
BRDA:188,10,0,3
BRDA:188,11,0,0
BRDA:37,12,0,5
BRDA:55,13,0,1
BRDA:71,14,0,50
BRDA:110,15,0,3
BRDA:115,16,0,0
BRDA:127,17,0,0
BRDA:130,18,0,0
BRDA:136,19,0,0
BRDA:150,20,0,1
BRF:21
BRH:15
end_of_record
TN:
SF:src/app/admin/personas/page.tsx
FN:1,(empty-report)
FNF:1
FNH:0
FNDA:0,(empty-report)
DA:1,0
DA:7,0
DA:8,0
DA:9,0
LF:4
LH:0
BRDA:1,0,0,0
BRF:1
BRH:0
end_of_record
TN:
SF:src/app/admin/subscription-tiers/SubscriptionTiersClient.tsx
FN:38,toCreatePayload
FN:48,toUpdatePayload
FN:56,slugifyName
FN:65,SubscriptionTiersClient
FN:76,queryFn
FN:81,mutationFn
FN:83,onSuccess
FN:88,onError
FN:94,mutationFn
FN:96,onSuccess
FN:101,onError
FN:107,mutationFn
FN:108,onSuccess
FN:125,openEdit
FN:137,openCreate
FN:149,closeFormModal
FN:155,handleSubmit
FN:193,onRetry
FN:259,onClick
FN:268,onClick
FN:294,onChange
FN:398,onClose
FN:410,onClick
FN:418,onClick
FNF:24
FNH:2
FNDA:0,toCreatePayload
FNDA:0,toUpdatePayload
FNDA:0,slugifyName
FNDA:11,SubscriptionTiersClient
FNDA:4,queryFn
FNDA:0,mutationFn
FNDA:0,onSuccess
FNDA:0,onError
FNDA:0,mutationFn
FNDA:0,onSuccess
FNDA:0,onError
FNDA:0,mutationFn
FNDA:0,onSuccess
FNDA:0,openEdit
FNDA:0,openCreate
FNDA:0,closeFormModal
FNDA:0,handleSubmit
FNDA:0,onRetry
FNDA:0,onClick
FNDA:0,onClick
FNDA:0,onChange
FNDA:0,onClose
FNDA:0,onClick
FNDA:0,onClick
DA:1,1
DA:24,1
DA:25,1
DA:26,1
DA:27,1
DA:28,1
DA:29,1
DA:30,1
DA:31,1
DA:32,1
DA:33,1
DA:34,1
DA:38,0
DA:39,0
DA:40,0
DA:41,0
DA:42,0
DA:43,0
DA:44,0
DA:45,0
DA:46,0
DA:48,0
DA:49,0
DA:50,0
DA:51,0
DA:52,0
DA:53,0
DA:54,0
DA:56,0
DA:57,0
DA:58,0
DA:59,0
DA:60,0
DA:61,0
DA:62,0
DA:63,0
DA:65,1
DA:66,11
DA:67,11
DA:68,11
DA:69,11
DA:70,11
DA:71,11
DA:72,11
DA:74,11
DA:75,11
DA:76,11
DA:77,11
DA:78,11
DA:80,11
DA:81,11
DA:82,0
DA:83,11
DA:84,0
DA:85,0
DA:86,0
DA:87,0
DA:88,11
DA:89,0
DA:90,0
DA:91,11
DA:93,11
DA:94,11
DA:95,0
DA:96,11
DA:97,0
DA:98,0
DA:99,0
DA:100,0
DA:101,11
DA:102,0
DA:103,0
DA:104,11
DA:106,11
DA:107,11
DA:108,11
DA:109,0
DA:110,0
DA:111,0
DA:112,11
DA:114,11
DA:115,11
DA:116,11
DA:117,11
DA:118,11
DA:119,11
DA:120,11
DA:121,11
DA:122,11
DA:123,11
DA:125,11
DA:126,0
DA:127,0
DA:128,0
DA:129,0
DA:130,0
DA:131,0
DA:132,0
DA:133,0
DA:134,0
DA:135,0
DA:137,11
DA:138,0
DA:139,0
DA:140,0
DA:141,0
DA:142,0
DA:143,0
DA:144,0
DA:145,0
DA:146,0
DA:147,0
DA:149,11
DA:150,0
DA:151,0
DA:152,0
DA:153,0
DA:155,11
DA:156,0
DA:157,0
DA:158,0
DA:159,0
DA:160,0
DA:161,0
DA:162,0
DA:164,0
DA:165,0
DA:166,0
DA:167,0
DA:168,0
DA:169,0
DA:171,11
DA:172,8
DA:173,8
DA:174,8
DA:175,8
DA:176,8
DA:177,8
DA:178,8
DA:179,8
DA:180,24
DA:181,8
DA:182,8
DA:183,8
DA:185,8
DA:187,11
DA:188,1
DA:189,1
DA:190,1
DA:191,1
DA:192,1
DA:193,1
DA:194,1
DA:195,1
DA:196,1
DA:198,1
DA:200,2
DA:201,2
DA:202,2
DA:203,2
DA:204,2
DA:205,2
DA:206,2
DA:207,2
DA:208,2
DA:210,2
DA:211,2
DA:212,2
DA:214,2
DA:215,1
DA:216,1
DA:217,1
DA:218,1
DA:219,1
DA:220,1
DA:222,1
DA:223,1
DA:224,1
DA:225,1
DA:226,1
DA:228,1
DA:229,1
DA:230,1
DA:231,1
DA:232,1
DA:233,1
DA:234,1
DA:235,1
DA:236,1
DA:237,1
DA:238,1
DA:239,1
DA:240,1
DA:242,1
DA:243,1
DA:244,1
DA:245,1
DA:246,1
DA:247,1
DA:248,1
DA:250,1
DA:251,1
DA:252,1
DA:254,1
DA:255,1
DA:256,1
DA:257,1
DA:258,1
DA:259,1
DA:261,1
DA:262,1
DA:263,1
DA:264,1
DA:265,1
DA:266,1
DA:267,1
DA:268,1
DA:270,1
DA:271,1
DA:272,1
DA:273,1
DA:274,1
DA:275,1
DA:276,1
DA:279,11
DA:280,11
DA:281,11
DA:282,11
DA:283,11
DA:284,11
DA:286,11
DA:287,11
DA:288,11
DA:289,11
DA:290,11
DA:291,11
DA:292,11
DA:293,11
DA:294,11
DA:295,0
DA:296,0
DA:297,0
DA:298,0
DA:299,11
DA:300,11
DA:301,11
DA:302,11
DA:303,0
DA:304,0
DA:305,0
DA:307,11
DA:309,11
DA:310,11
DA:311,11
DA:312,11
DA:313,11
DA:314,11
DA:315,11
DA:316,11
DA:317,11
DA:318,11
DA:319,11
DA:320,0
DA:321,0
DA:322,0
DA:324,11
DA:326,11
DA:327,11
DA:328,11
DA:329,11
DA:330,11
DA:331,11
DA:332,11
DA:333,11
DA:334,11
DA:336,11
DA:337,11
DA:338,11
DA:339,11
DA:341,11
DA:342,11
DA:343,11
DA:344,11
DA:345,11
DA:346,11
DA:347,11
DA:348,11
DA:349,11
DA:350,11
DA:351,11
DA:352,0
DA:353,0
DA:354,0
DA:356,11
DA:358,11
DA:359,11
DA:360,11
DA:361,11
DA:362,11
DA:363,11
DA:364,11
DA:365,11
DA:366,11
DA:367,11
DA:368,0
DA:369,0
DA:370,0
DA:372,11
DA:374,11
DA:375,0
DA:376,0
DA:377,0
DA:380,11
DA:381,11
DA:382,11
DA:383,11
DA:384,11
DA:385,11
DA:386,11
DA:387,11
DA:388,11
DA:390,11
DA:391,11
DA:392,11
DA:393,11
DA:394,11
DA:396,11
DA:397,11
DA:398,11
DA:399,11
DA:400,11
DA:401,11
DA:402,11
DA:403,11
DA:404,11
DA:406,11
DA:407,11
DA:408,11
DA:409,11
DA:410,11
DA:412,11
DA:413,11
DA:414,11
DA:415,11
DA:416,11
DA:417,11
DA:418,11
DA:420,11
DA:421,11
DA:422,11
DA:423,11
DA:424,11
DA:426,11
LF:353
LH:256
BRDA:65,0,0,11
BRDA:171,1,0,8
BRDA:185,2,0,3
BRDA:187,3,0,1
BRDA:198,4,0,2
BRDA:214,5,0,1
BRDA:220,6,0,1
BRDA:280,7,0,2
BRDA:282,8,0,0
BRDA:282,9,0,2
BRDA:302,10,0,0
BRDA:319,11,0,0
BRDA:351,12,0,0
BRDA:367,13,0,0
BRDA:374,14,0,0
BRDA:388,15,0,2
BRDA:390,16,0,0
BRDA:390,17,0,2
BRDA:401,18,0,0
BRDA:401,19,0,2
BRDA:76,20,0,4
BRDA:179,21,0,24
BRDA:223,22,0,1
BRDA:237,23,0,0
BRDA:238,24,0,0
BRF:25
BRH:15
end_of_record
TN:
SF:src/app/admin/subscription-tiers/page.tsx
FN:1,(empty-report)
FNF:1
FNH:0
FNDA:0,(empty-report)
DA:1,0
DA:3,0
DA:4,0
DA:5,0
LF:4
LH:0
BRDA:1,0,0,0
BRF:1
BRH:0
end_of_record
TN:
SF:src/app/admin/tos/TosAdminClient.tsx
FN:37,TosAdminClient
FN:57,queryFn
FN:65,mutationFn
FN:69,onSuccess
FN:80,openPublish
FN:108,onRetry
FN:179,onClose
FN:222,onClick
FNF:8
FNH:3
FNDA:18,TosAdminClient
FNDA:6,queryFn
FNDA:0,mutationFn
FNDA:0,onSuccess
FNDA:1,openPublish
FNDA:0,onRetry
FNDA:0,onClose
FNDA:0,onClick
DA:1,1
DA:23,1
DA:24,1
DA:37,1
DA:38,18
DA:39,18
DA:40,18
DA:41,18
DA:42,18
DA:44,18
DA:46,18
DA:47,18
DA:48,18
DA:49,18
DA:50,18
DA:51,18
DA:55,18
DA:56,18
DA:57,18
DA:58,6
DA:59,5
DA:60,1
DA:61,18
DA:62,18
DA:64,18
DA:65,18
DA:66,0
DA:67,0
DA:68,0
DA:69,18
DA:70,0
DA:71,0
DA:72,0
DA:73,18
DA:75,18
DA:76,18
DA:77,18
DA:78,18
DA:80,18
DA:81,1
DA:82,1
DA:83,1
DA:84,1
DA:86,18
DA:87,12
DA:88,12
DA:89,12
DA:90,12
DA:91,12
DA:92,12
DA:93,12
DA:94,12
DA:95,36
DA:96,12
DA:97,12
DA:98,12
DA:100,12
DA:102,18
DA:103,1
DA:104,1
DA:105,1
DA:106,1
DA:107,1
DA:108,1
DA:109,1
DA:110,1
DA:111,1
DA:113,1
DA:115,18
DA:117,18
DA:118,18
DA:119,18
DA:120,18
DA:121,18
DA:122,18
DA:123,18
DA:124,18
DA:125,18
DA:128,18
DA:129,1
DA:130,1
DA:131,1
DA:135,18
DA:136,1
DA:137,1
DA:138,1
DA:139,1
DA:140,1
DA:141,1
DA:143,4
DA:144,4
DA:145,4
DA:146,4
DA:147,4
DA:148,4
DA:149,4
DA:151,4
DA:152,4
DA:153,4
DA:154,4
DA:155,4
DA:156,4
DA:157,4
DA:159,4
DA:160,4
DA:161,4
DA:162,4
DA:163,4
DA:164,4
DA:165,4
DA:166,4
DA:167,4
DA:168,4
DA:169,4
DA:170,4
DA:171,4
DA:172,4
DA:173,4
DA:177,18
DA:178,18
DA:179,18
DA:180,18
DA:181,18
DA:182,18
DA:183,18
DA:184,18
DA:185,18
DA:186,18
DA:188,18
DA:189,18
DA:190,0
DA:191,18
DA:192,18
DA:194,18
DA:195,18
DA:196,18
DA:197,18
DA:198,18
DA:199,18
DA:200,18
DA:201,18
DA:202,18
DA:203,18
DA:204,18
DA:205,18
DA:206,18
DA:207,0
DA:208,0
DA:209,0
DA:211,18
DA:212,18
DA:213,18
DA:214,18
DA:215,18
DA:217,18
DA:218,18
DA:219,18
DA:220,18
DA:221,18
DA:222,18
DA:224,18
DA:225,18
DA:226,18
DA:227,18
DA:228,18
DA:229,18
DA:230,18
DA:232,18
DA:233,18
DA:234,18
DA:235,18
DA:236,18
DA:237,18
DA:239,18
LF:174
LH:164
BRDA:37,0,0,18
BRDA:38,1,0,15
BRDA:38,2,0,3
BRDA:44,3,0,15
BRDA:44,4,0,3
BRDA:86,5,0,12
BRDA:100,6,0,6
BRDA:102,7,0,1
BRDA:113,8,0,5
BRDA:115,9,0,0
BRDA:128,10,0,1
BRDA:135,11,0,1
BRDA:141,12,0,4
BRDA:182,13,0,4
BRDA:182,14,0,1
BRDA:183,15,0,4
BRDA:183,16,0,1
BRDA:201,17,0,1
BRDA:201,18,0,4
BRDA:206,19,0,0
BRDA:212,20,0,5
BRDA:212,21,0,0
BRDA:57,22,0,6
BRDA:58,23,0,5
BRDA:59,24,0,1
BRDA:80,25,0,1
BRDA:82,26,0,0
BRDA:94,27,0,36
BRDA:146,28,0,4
BRF:29
BRH:25
end_of_record
TN:
SF:src/app/admin/tos/page.tsx
FN:1,(empty-report)
FNF:1
FNH:0
FNDA:0,(empty-report)
DA:1,0
DA:8,0
DA:9,0
DA:10,0
DA:11,0
DA:12,0
DA:13,0
DA:15,0
DA:16,0
DA:18,0
DA:19,0
DA:20,0
DA:21,0
DA:22,0
DA:23,0
DA:24,0
DA:25,0
DA:26,0
DA:27,0
DA:29,0
DA:30,0
DA:31,0
DA:32,0
DA:33,0
DA:34,0
DA:35,0
DA:36,0
DA:37,0
DA:38,0
DA:39,0
DA:41,0
DA:42,0
DA:43,0
DA:45,0
DA:46,0
DA:48,0
LF:36
LH:0
BRDA:1,0,0,0
BRF:1
BRH:0
end_of_record
TN:
SF:src/app/auth/callback/OidcCallbackClient.tsx
FN:1,(empty-report)
FNF:1
FNH:0
FNDA:0,(empty-report)
DA:1,0
DA:19,0
DA:20,0
DA:21,0
DA:22,0
DA:24,0
DA:25,0
DA:26,0
DA:27,0
DA:29,0
DA:31,0
DA:32,0
DA:33,0
DA:35,0
DA:36,0
DA:38,0
DA:39,0
DA:40,0
DA:41,0
DA:42,0
DA:44,0
DA:45,0
DA:46,0
DA:47,0
DA:48,0
DA:51,0
DA:53,0
DA:55,0
DA:56,0
DA:57,0
DA:58,0
DA:59,0
DA:60,0
DA:61,0
DA:62,0
DA:63,0
DA:65,0
DA:66,0
DA:67,0
DA:68,0
DA:69,0
DA:70,0
DA:71,0
DA:72,0
DA:73,0
DA:74,0
DA:75,0
DA:76,0
DA:77,0
DA:79,0
DA:80,0
DA:81,0
DA:83,0
DA:84,0
DA:87,0
DA:88,0
DA:89,0
DA:90,0
DA:91,0
DA:92,0
DA:93,0
DA:94,0
DA:96,0
DA:97,0
DA:98,0
DA:99,0
DA:100,0
DA:101,0
DA:102,0
DA:104,0
DA:106,0
DA:107,0
DA:108,0
DA:109,0
DA:110,0
DA:111,0
DA:112,0
DA:113,0
DA:114,0
DA:115,0
DA:116,0
DA:117,0
DA:118,0
DA:119,0
DA:120,0
DA:121,0
DA:123,0
DA:124,0
DA:125,0
DA:126,0
DA:127,0
DA:128,0
DA:129,0
DA:130,0
DA:131,0
DA:132,0
DA:134,0
DA:135,0
DA:136,0
DA:137,0
DA:138,0
DA:139,0
DA:140,0
DA:141,0
DA:142,0
DA:143,0
DA:144,0
DA:146,0
DA:147,0
DA:148,0
DA:149,0
DA:150,0
DA:151,0
DA:152,0
DA:153,0
DA:154,0
DA:155,0
DA:156,0
DA:158,0
DA:160,0
DA:161,0
DA:162,0
DA:164,0
DA:165,0
DA:166,0
DA:167,0
DA:168,0
DA:169,0
DA:170,0
DA:171,0
DA:172,0
DA:173,0
DA:175,0
DA:177,0
DA:178,0
DA:179,0
DA:180,0
DA:181,0
DA:182,0
DA:183,0
DA:184,0
DA:186,0
DA:188,0
LF:143
LH:0
BRDA:1,0,0,0
BRF:1
BRH:0
end_of_record
TN:
SF:src/app/auth/callback/SuspendedPage.tsx
FN:5,SuspendedPage
FNF:1
FNH:1
FNDA:1,SuspendedPage
DA:1,1
DA:5,1
DA:6,1
DA:8,1
DA:9,1
DA:10,1
DA:11,1
DA:12,1
DA:13,1
DA:14,1
DA:15,1
DA:16,1
DA:17,1
DA:19,1
LF:14
LH:14
BRDA:5,0,0,1
BRF:1
BRH:1
end_of_record
TN:
SF:src/app/auth/callback/TosModal.tsx
FN:13,TosModal
FN:38,handleScroll
FN:44,handleAccept
FNF:3
FNH:3
FNDA:14,TosModal
FNDA:1,handleScroll
FNDA:1,handleAccept
DA:1,1
DA:13,1
DA:14,14
DA:15,14
DA:16,14
DA:17,14
DA:19,14
DA:20,0
DA:21,0
DA:22,0
DA:23,0
DA:24,14
DA:26,14
DA:27,6
DA:28,6
DA:30,6
DA:31,6
DA:32,6
DA:33,0
DA:34,0
DA:35,0
DA:36,14
DA:38,14
DA:39,1
DA:40,1
DA:41,1
DA:42,1
DA:44,14
DA:45,1
DA:46,1
DA:47,1
DA:48,1
DA:49,0
DA:50,0
DA:51,1
DA:53,14
DA:54,14
DA:55,14
DA:56,14
DA:57,14
DA:58,14
DA:60,14
DA:62,14
DA:63,14
DA:64,14
DA:65,14
DA:66,14
DA:67,14
DA:68,14
DA:69,14
DA:72,14
DA:73,14
DA:74,14
DA:75,14
DA:76,14
DA:77,14
DA:79,14
DA:80,12
DA:82,2
DA:84,14
DA:86,14
DA:87,6
DA:88,6
DA:89,6
DA:93,14
DA:94,14
DA:95,14
DA:96,14
DA:97,14
DA:98,14
DA:100,14
DA:101,14
DA:102,14
DA:103,14
DA:104,14
DA:105,14
DA:106,14
DA:107,14
DA:108,14
DA:110,14
DA:111,14
DA:112,14
DA:113,14
DA:114,14
DA:116,14
LF:85
LH:76
BRDA:13,0,0,14
BRDA:79,1,0,12
BRDA:80,2,0,2
BRDA:86,3,0,6
BRDA:26,4,0,6
BRDA:28,5,0,0
BRDA:32,6,0,0
BRDA:38,7,0,1
BRDA:44,8,0,1
BRDA:48,9,0,0
BRF:10
BRH:7
end_of_record
TN:
SF:src/app/auth/callback/page.tsx
FN:1,(empty-report)
FNF:1
FNH:0
FNDA:0,(empty-report)
DA:1,0
DA:9,0
DA:10,0
DA:11,0
LF:4
LH:0
BRDA:1,0,0,0
BRF:1
BRH:0
end_of_record
TN:
SF:src/app/login/LoginButton.tsx
FN:1,(empty-report)
FNF:1
FNH:0
FNDA:0,(empty-report)
DA:1,0
DA:10,0
DA:11,0
DA:12,0
DA:13,0
DA:14,0
DA:15,0
DA:16,0
DA:17,0
DA:18,0
DA:20,0
DA:21,0
DA:23,0
LF:13
LH:0
BRDA:1,0,0,0
BRF:1
BRH:0
end_of_record
TN:
SF:src/app/login/page.tsx
FN:1,(empty-report)
FNF:1
FNH:0
FNDA:0,(empty-report)
DA:1,0
DA:5,0
DA:6,0
DA:7,0
DA:9,0
DA:10,0
DA:11,0
DA:13,0
DA:14,0
DA:15,0
DA:16,0
DA:19,0
DA:20,0
DA:21,0
DA:22,0
DA:23,0
DA:25,0
DA:26,0
DA:29,0
DA:30,0
DA:31,0
DA:32,0
DA:33,0
DA:35,0
LF:24
LH:0
BRDA:1,0,0,0
BRF:1
BRH:0
end_of_record
TN:
SF:src/components/LanguageSwitcher.tsx
FN:1,(empty-report)
FNF:1
FNH:0
FNDA:0,(empty-report)
DA:1,0
DA:6,0
DA:7,0
DA:8,0
DA:9,0
DA:10,0
DA:11,0
DA:13,0
DA:14,0
DA:16,0
DA:17,0
DA:18,0
DA:19,0
DA:21,0
DA:22,0
DA:23,0
DA:24,0
DA:25,0
DA:26,0
DA:27,0
DA:28,0
DA:30,0
DA:31,0
DA:32,0
DA:33,0
DA:35,0
LF:26
LH:0
BRDA:1,0,0,0
BRF:1
BRH:0
end_of_record
TN:
SF:src/components/empty-state.tsx
FN:19,EmptyState
FNF:1
FNH:1
FNDA:8,EmptyState
DA:1,1
DA:19,1
DA:20,8
DA:21,8
DA:22,8
DA:23,8
DA:24,8
DA:25,8
DA:26,8
DA:27,8
DA:28,8
DA:29,8
DA:30,8
DA:31,8
DA:33,8
DA:34,8
DA:35,8
DA:36,8
DA:37,8
DA:38,8
DA:39,5
DA:40,1
DA:41,1
DA:42,1
DA:44,1
DA:45,1
DA:47,4
DA:48,4
DA:49,4
DA:51,8
DA:53,8
LF:31
LH:31
BRDA:19,0,0,8
BRDA:38,1,0,5
BRDA:39,2,0,1
BRDA:45,3,0,4
BRF:4
BRH:4
end_of_record
TN:
SF:src/components/error-state.tsx
FN:13,ErrorState
FNF:1
FNH:1
FNDA:7,ErrorState
DA:1,1
DA:13,1
DA:14,7
DA:15,7
DA:16,7
DA:17,7
DA:18,7
DA:19,7
DA:20,7
DA:21,7
DA:22,7
DA:23,7
DA:24,7
DA:25,7
DA:26,7
DA:28,7
DA:29,7
DA:30,7
DA:31,7
DA:32,0
DA:34,7
DA:35,7
DA:36,7
DA:37,7
DA:38,7
DA:40,7
DA:42,7
LF:27
LH:26
BRDA:13,0,0,7
BRDA:31,1,0,0
BRF:2
BRH:1
end_of_record
TN:
SF:src/components/providers.tsx
FN:1,(empty-report)
FNF:1
FNH:0
FNDA:0,(empty-report)
DA:1,0
DA:6,0
DA:8,0
DA:9,0
DA:10,0
DA:11,0
DA:12,0
DA:13,0
DA:14,0
DA:15,0
DA:16,0
DA:17,0
DA:18,0
DA:20,0
DA:21,0
DA:23,0
LF:16
LH:0
BRDA:1,0,0,0
BRF:1
BRH:0
end_of_record
TN:
SF:src/components/admin/AdminPageHeader.tsx
FN:2,AdminPageHeader
FNF:1
FNH:1
FNDA:70,AdminPageHeader
DA:1,1
DA:2,1
DA:3,70
DA:4,70
DA:5,70
DA:8,70
DA:9,70
DA:10,70
DA:11,70
DA:12,70
DA:13,70
DA:14,0
DA:15,70
DA:17,70
LF:14
LH:13
BRDA:2,0,0,70
BRDA:13,1,0,0
BRF:2
BRH:1
end_of_record
TN:
SF:src/components/admin/NotificationBell.tsx
FN:15,NotificationBell
FN:24,queryFn
FN:30,mutationFn
FN:31,onSuccess
FN:57,onClick
FN:77,onClick
FN:98,onClick
FN:119,onRetry
FN:151,onClick
FNF:9
FNH:6
FNDA:27,NotificationBell
FNDA:9,queryFn
FNDA:1,mutationFn
FNDA:1,onSuccess
FNDA:4,onClick
FNDA:0,onClick
FNDA:0,onClick
FNDA:0,onRetry
FNDA:1,onClick
DA:1,1
DA:15,1
DA:16,27
DA:17,27
DA:18,27
DA:20,27
DA:22,27
DA:23,27
DA:24,27
DA:25,27
DA:26,27
DA:27,27
DA:29,27
DA:30,27
DA:31,27
DA:32,27
DA:34,27
DA:35,27
DA:36,27
DA:39,27
DA:40,27
DA:41,112
DA:42,112
DA:43,112
DA:44,112
DA:45,112
DA:46,27
DA:47,27
DA:49,27
DA:50,27
DA:51,27
DA:52,27
DA:53,27
DA:54,27
DA:55,27
DA:56,27
DA:57,27
DA:58,27
DA:60,27
DA:61,27
DA:62,9
DA:63,9
DA:64,9
DA:66,9
DA:67,9
DA:69,27
DA:72,27
DA:73,5
DA:75,5
DA:76,5
DA:77,5
DA:78,5
DA:79,5
DA:81,5
DA:82,5
DA:83,5
DA:84,5
DA:85,5
DA:86,5
DA:87,5
DA:88,5
DA:91,5
DA:92,5
DA:93,5
DA:94,5
DA:95,5
DA:96,5
DA:97,5
DA:98,5
DA:99,5
DA:100,5
DA:102,5
DA:103,5
DA:104,5
DA:107,5
DA:108,5
DA:109,0
DA:110,0
DA:111,0
DA:112,0
DA:113,0
DA:116,5
DA:117,0
DA:118,0
DA:119,0
DA:120,0
DA:121,0
DA:122,0
DA:125,5
DA:126,1
DA:127,1
DA:128,1
DA:129,1
DA:132,5
DA:133,4
DA:134,4
DA:135,4
DA:136,4
DA:137,4
DA:138,4
DA:139,4
DA:140,4
DA:141,4
DA:142,4
DA:143,4
DA:144,4
DA:145,5
DA:146,5
DA:147,5
DA:148,5
DA:149,5
DA:150,5
DA:151,5
DA:153,5
DA:154,5
DA:155,5
DA:156,5
DA:157,5
DA:159,5
DA:160,5
DA:161,5
DA:162,5
DA:163,5
DA:164,5
DA:165,4
DA:166,4
DA:167,4
DA:168,4
DA:170,5
DA:171,5
DA:172,5
DA:174,27
DA:176,27
LF:133
LH:122
BRDA:15,0,0,27
BRDA:25,1,0,19
BRDA:34,2,0,11
BRDA:34,3,0,16
BRDA:36,4,0,1
BRDA:36,5,0,26
BRDA:39,6,0,16
BRDA:61,7,0,19
BRDA:61,8,0,9
BRDA:72,9,0,5
BRDA:108,10,0,0
BRDA:116,11,0,0
BRDA:125,12,0,1
BRDA:132,13,0,4
BRDA:24,14,0,9
BRDA:30,15,0,1
BRDA:30,16,0,0
BRDA:31,17,0,1
BRDA:34,18,0,112
BRDA:40,19,0,112
BRDA:42,20,0,9
BRDA:57,21,0,4
BRDA:57,22,0,4
BRDA:134,23,0,4
BRDA:141,24,0,5
BRDA:144,25,0,5
BRDA:149,26,0,4
BRDA:156,27,0,1
BRDA:151,28,0,1
BRF:29
BRH:26
end_of_record
TN:
SF:src/components/ui/badge.tsx
FN:18,Badge
FNF:1
FNH:1
FNDA:13,Badge
DA:1,1
DA:9,1
DA:10,1
DA:11,1
DA:12,1
DA:13,1
DA:14,1
DA:15,1
DA:16,1
DA:18,1
DA:19,13
DA:20,13
DA:21,13
DA:22,13
DA:23,13
DA:24,13
DA:25,13
DA:26,13
DA:27,13
DA:29,13
LF:20
LH:20
BRDA:18,0,0,13
BRF:1
BRH:1
end_of_record
TN:
SF:src/components/ui/button.tsx
FNF:0
FNH:0
DA:1,1
DA:13,1
DA:14,1
DA:15,1
DA:16,1
DA:17,1
DA:18,1
DA:19,1
DA:20,1
DA:21,1
DA:22,1
DA:23,1
DA:25,1
DA:26,1
DA:27,1
DA:28,1
DA:29,1
DA:30,1
DA:32,1
DA:33,1
DA:34,132
DA:35,132
DA:36,132
DA:37,132
DA:38,132
DA:39,132
DA:40,132
DA:41,132
DA:42,132
DA:43,132
DA:45,132
DA:46,132
DA:47,132
DA:48,132
DA:49,132
DA:50,132
DA:51,132
DA:52,132
DA:53,132
DA:54,132
DA:55,132
DA:56,132
DA:57,132
DA:59,132
DA:60,1
DA:61,1
DA:62,1
DA:63,1
DA:65,132
DA:66,132
DA:68,1
DA:69,1
LF:52
LH:52
BRDA:33,0,0,132
BRDA:47,1,0,125
BRDA:59,2,0,1
BRF:3
BRH:3
end_of_record
TN:
SF:src/components/ui/card.tsx
FN:10,Card
FN:22,CardHeader
FN:28,CardTitle
FN:37,CardDescription
FN:43,CardContent
FN:47,CardFooter
FNF:6
FNH:5
FNDA:4,Card
FNDA:2,CardHeader
FNDA:2,CardTitle
FNDA:3,CardDescription
FNDA:3,CardContent
FNDA:0,CardFooter
DA:1,1
DA:10,1
DA:11,4
DA:12,4
DA:13,4
DA:14,4
DA:15,4
DA:16,4
DA:17,4
DA:18,4
DA:20,4
DA:22,1
DA:23,2
DA:24,2
DA:26,2
DA:28,1
DA:29,2
DA:30,2
DA:31,2
DA:32,2
DA:33,2
DA:35,2
DA:37,1
DA:38,3
DA:39,3
DA:41,3
DA:43,1
DA:44,3
DA:45,3
DA:47,1
DA:48,0
DA:49,0
DA:51,0
LF:33
LH:30
BRDA:10,0,0,4
BRDA:22,1,0,2
BRDA:28,2,0,2
BRDA:37,3,0,3
BRDA:43,4,0,3
BRF:5
BRH:5
end_of_record
TN:
SF:src/components/ui/input.tsx
FNF:0
FNH:0
DA:1,1
DA:6,1
DA:7,1
DA:8,4
DA:9,4
DA:10,4
DA:11,4
DA:12,4
DA:13,4
DA:14,4
DA:15,4
DA:16,4
DA:17,4
DA:18,4
DA:19,4
DA:21,1
DA:22,1
LF:17
LH:17
BRDA:7,0,0,4
BRF:1
BRH:1
end_of_record
TN:
SF:src/components/ui/label.tsx
FN:7,Label
FNF:1
FNH:1
FNDA:6,Label
DA:1,1
DA:7,1
DA:8,6
DA:9,6
DA:10,6
DA:11,6
DA:12,6
DA:13,6
DA:14,6
DA:16,6
DA:17,6
DA:18,2
DA:20,2
DA:22,6
DA:24,6
LF:15
LH:15
BRDA:7,0,0,6
BRDA:17,1,0,2
BRF:2
BRH:2
end_of_record
TN:
SF:src/components/ui/modal.tsx
FN:26,Modal
FN:51,handler
FNF:2
FNH:1
FNDA:20,Modal
FNDA:0,handler
DA:1,1
DA:19,1
DA:20,1
DA:21,1
DA:22,1
DA:23,1
DA:24,1
DA:26,1
DA:27,20
DA:28,20
DA:29,20
DA:30,20
DA:31,20
DA:32,20
DA:33,20
DA:34,20
DA:35,20
DA:36,20
DA:39,20
DA:40,20
DA:41,2
DA:42,20
DA:43,20
DA:44,2
DA:45,2
DA:46,20
DA:49,20
DA:50,20
DA:51,2
DA:52,0
DA:53,0
DA:54,2
DA:55,2
DA:56,20
DA:58,20
DA:60,2
DA:61,2
DA:62,2
DA:63,2
DA:64,2
DA:65,2
DA:66,20
DA:69,20
DA:70,20
DA:71,20
DA:72,20
DA:73,20
DA:76,20
DA:77,20
DA:78,20
DA:79,20
DA:80,20
DA:81,20
DA:82,20
DA:83,20
DA:86,20
DA:87,20
DA:88,20
DA:89,20
DA:90,20
DA:91,20
DA:92,2
DA:93,2
DA:94,2
DA:96,20
DA:97,20
DA:98,2
DA:99,2
DA:100,2
DA:101,2
DA:103,2
DA:104,2
DA:106,20
DA:109,20
DA:110,20
DA:111,20
DA:113,20
LF:77
LH:75
BRDA:26,0,0,20
BRDA:58,1,0,18
BRDA:58,2,0,2
BRDA:66,3,0,0
BRDA:71,4,0,0
BRDA:71,5,0,2
BRDA:91,6,0,2
BRDA:97,7,0,2
BRDA:39,8,0,20
BRDA:40,9,0,18
BRDA:40,10,0,2
BRDA:43,11,0,2
BRDA:49,12,0,20
BRDA:50,13,0,2
BRDA:50,14,0,18
BRDA:50,15,0,2
BRDA:55,16,0,2
BRF:17
BRH:15
end_of_record
TN:
SF:src/components/ui/skeleton.tsx
FN:5,Skeleton
FNF:1
FNH:1
FNDA:240,Skeleton
DA:1,1
DA:5,1
DA:6,240
DA:7,240
DA:8,240
DA:9,240
DA:10,240
DA:11,240
DA:13,240
LF:9
LH:9
BRDA:5,0,0,240
BRF:1
BRH:1
end_of_record
TN:
SF:src/components/ui/textarea.tsx
FNF:0
FNH:0
DA:1,1
DA:6,1
DA:7,1
DA:8,2
DA:9,2
DA:10,2
DA:11,2
DA:12,2
DA:13,2
DA:14,2
DA:15,2
DA:16,2
DA:17,2
DA:18,2
DA:20,1
DA:21,1
LF:16
LH:16
BRDA:7,0,0,2
BRF:1
BRH:1
end_of_record
TN:
SF:src/hooks/use-client-auth.ts
FN:10,useClientAuth
FNF:1
FNH:1
FNDA:27,useClientAuth
DA:1,1
DA:10,1
DA:11,27
DA:12,27
DA:14,27
DA:15,8
DA:16,8
DA:17,27
DA:19,27
DA:20,27
LF:10
LH:10
BRDA:10,0,0,27
BRDA:14,1,0,8
BRF:2
BRH:2
end_of_record
TN:
SF:src/lib/auth.ts
FN:17,getToken
FN:22,setToken
FN:26,clearToken
FN:31,getUser
FN:42,setUser
FN:47,getLoginUrl
FN:65,getLogoutUrl
FNF:7
FNH:5
FNDA:4,getToken
FNDA:2,setToken
FNDA:2,clearToken
FNDA:4,getUser
FNDA:2,setUser
FNDA:0,getLoginUrl
FNDA:0,getLogoutUrl
DA:6,1
DA:7,1
DA:17,1
DA:18,4
DA:19,4
DA:20,4
DA:22,1
DA:23,2
DA:24,2
DA:26,1
DA:27,2
DA:28,2
DA:29,2
DA:31,1
DA:32,4
DA:33,4
DA:34,4
DA:35,2
DA:36,2
DA:37,4
DA:38,1
DA:39,1
DA:40,4
DA:42,1
DA:43,2
DA:44,2
DA:47,1
DA:48,0
DA:49,0
DA:50,0
DA:51,0
DA:52,0
DA:53,0
DA:54,0
DA:55,0
DA:56,0
DA:57,0
DA:58,0
DA:61,0
DA:63,0
DA:65,1
DA:66,0
DA:67,0
DA:68,0
DA:69,0
DA:70,0
DA:71,0
DA:72,0
LF:48
LH:28
BRDA:17,0,0,4
BRDA:18,1,0,0
BRDA:22,2,0,2
BRDA:26,3,0,2
BRDA:31,4,0,4
BRDA:32,5,0,0
BRDA:34,6,0,2
BRDA:37,7,0,1
BRDA:42,8,0,2
BRF:9
BRH:7
end_of_record
TN:
SF:src/lib/utils.ts
FN:5,cn
FNF:1
FNH:1
FNDA:487,cn
DA:1,1
DA:5,1
DA:6,487
DA:7,487
LF:4
LH:4
BRDA:5,0,0,487
BRF:1
BRH:1
end_of_record
TN:
SF:src/lib/api/index.ts
FN:38,ApiError
FN:55,formatValidationDetail
FN:63,parseApiErrorBody
FN:103,request
FN:136,mapTosVersion
FN:145,mapDisclaimer
FN:157,postLogin
FN:164,getCurrent
FN:166,acceptTos
FN:172,declineTos
FN:178,list
FN:180,publish
FN:188,listDisclaimer
FN:192,publishDisclaimer
FN:205,list
FN:207,create
FN:213,update
FN:219,delete
FN:226,list
FN:228,update
FN:239,list
FN:241,create
FN:247,update
FN:253,delete
FN:260,list
FN:268,softDelete
FN:275,list
FN:291,list
FN:299,markRead
FNF:29
FNH:19
FNDA:3,ApiError
FNDA:0,formatValidationDetail
FNDA:3,parseApiErrorBody
FNDA:21,request
FNDA:2,mapTosVersion
FNDA:2,mapDisclaimer
FNDA:2,postLogin
FNDA:3,getCurrent
FNDA:1,acceptTos
FNDA:1,declineTos
FNDA:1,list
FNDA:0,publish
FNDA:2,listDisclaimer
FNDA:0,publishDisclaimer
FNDA:1,list
FNDA:1,create
FNDA:0,update
FNDA:0,delete
FNDA:1,list
FNDA:1,update
FNDA:1,list
FNDA:0,create
FNDA:0,update
FNDA:0,delete
FNDA:1,list
FNDA:0,softDelete
FNDA:1,list
FNDA:4,list
FNDA:0,markRead
DA:25,1
DA:37,1
DA:38,1
DA:39,3
DA:40,3
DA:41,3
DA:42,3
DA:43,3
DA:44,3
DA:45,3
DA:46,3
DA:47,1
DA:55,0
DA:56,0
DA:57,0
DA:58,0
DA:59,0
DA:60,0
DA:61,0
DA:63,3
DA:64,3
DA:65,3
DA:66,3
DA:67,3
DA:68,3
DA:70,3
DA:71,3
DA:72,3
DA:73,3
DA:74,3
DA:75,3
DA:76,3
DA:77,3
DA:79,0
DA:80,0
DA:81,0
DA:82,0
DA:83,0
DA:84,0
DA:85,0
DA:86,0
DA:88,0
DA:89,0
DA:90,0
DA:91,0
DA:92,0
DA:93,0
DA:94,0
DA:95,3
DA:97,0
DA:98,0
DA:99,0
DA:100,0
DA:101,0
DA:103,21
DA:104,21
DA:105,21
DA:106,21
DA:107,21
DA:108,21
DA:109,21
DA:110,21
DA:111,21
DA:113,21
DA:114,21
DA:115,21
DA:117,21
DA:119,21
DA:120,3
DA:121,3
DA:122,3
DA:123,3
DA:125,0
DA:126,3
DA:127,3
DA:128,3
DA:130,20
DA:132,18
DA:133,20
DA:134,21
DA:136,2
DA:137,2
DA:138,2
DA:139,2
DA:140,2
DA:141,2
DA:142,2
DA:143,2
DA:145,2
DA:146,2
DA:147,2
DA:148,2
DA:149,2
DA:150,2
DA:151,2
DA:152,2
DA:156,1
DA:157,1
DA:158,2
DA:159,1
DA:163,1
DA:164,1
DA:165,3
DA:166,1
DA:167,1
DA:168,1
DA:169,1
DA:170,1
DA:171,1
DA:172,1
DA:173,1
DA:174,1
DA:175,1
DA:176,1
DA:177,1
DA:178,1
DA:179,1
DA:180,1
DA:181,0
DA:182,0
DA:183,0
DA:184,0
DA:185,0
DA:186,0
DA:187,0
DA:188,1
DA:189,2
DA:190,2
DA:191,2
DA:192,1
DA:193,0
DA:194,0
DA:195,0
DA:196,0
DA:197,0
DA:198,0
DA:199,0
DA:200,1
DA:204,1
DA:205,1
DA:206,1
DA:207,1
DA:208,1
DA:209,1
DA:210,1
DA:211,1
DA:212,1
DA:213,1
DA:214,0
DA:215,0
DA:216,0
DA:217,0
DA:218,0
DA:219,1
DA:220,0
DA:221,1
DA:225,1
DA:226,1
DA:227,1
DA:228,1
DA:229,1
DA:230,1
DA:231,1
DA:232,1
DA:233,1
DA:234,1
DA:238,1
DA:239,1
DA:240,1
DA:241,1
DA:242,0
DA:243,0
DA:244,0
DA:245,0
DA:246,0
DA:247,1
DA:248,0
DA:249,0
DA:250,0
DA:251,0
DA:252,0
DA:253,1
DA:254,0
DA:255,1
DA:259,1
DA:260,1
DA:261,1
DA:262,1
DA:263,1
DA:264,1
DA:265,1
DA:266,1
DA:267,1
DA:268,1
DA:269,0
DA:270,1
DA:274,1
DA:275,1
DA:276,1
DA:277,1
DA:278,0
DA:279,1
DA:280,1
DA:281,1
DA:282,1
DA:283,1
DA:284,1
DA:285,1
DA:286,1
DA:290,1
DA:291,1
DA:292,4
DA:296,4
DA:297,4
DA:298,4
DA:299,1
DA:300,0
DA:301,1
LF:218
LH:156
BRDA:38,0,0,3
BRDA:63,1,0,3
BRDA:73,2,0,0
BRDA:74,3,0,0
BRDA:77,4,0,0
BRDA:95,5,0,0
BRDA:103,6,0,21
BRDA:119,7,0,3
BRDA:123,8,0,0
BRDA:128,9,0,20
BRDA:128,10,0,18
BRDA:130,11,0,0
BRDA:130,12,0,18
BRDA:133,13,0,3
BRDA:136,14,0,2
BRDA:145,15,0,2
BRDA:157,16,0,2
BRDA:164,17,0,3
BRDA:166,18,0,1
BRDA:172,19,0,1
BRDA:178,20,0,1
BRDA:188,21,0,2
BRDA:205,22,0,1
BRDA:207,23,0,1
BRDA:226,24,0,1
BRDA:228,25,0,1
BRDA:239,26,0,1
BRDA:260,27,0,1
BRDA:275,28,0,1
BRDA:277,29,0,0
BRDA:291,30,0,4
BRF:31
BRH:24
end_of_record
